<?xml version="1.0" encoding="UTF-8"?>
<testng-results retried="3" ignored="4" total="9" passed="1" failed="1" skipped="0">
  <reporter-output>
  </reporter-output>
  <suite started-at="2025-04-11T19:26:17 IST" name="Suite" finished-at="2025-04-11T19:28:12 IST" duration-ms="114619">
    <groups>
      <group name="smokeTest">
        <method signature="CreateCampaignsTest.createCampaignsTest()[pri:0, instance:TESTNG.CreateCampaignsTest@6283d8b8]" name="createCampaignsTest" class="TESTNG.CreateCampaignsTest"/>
      </group> <!-- smokeTest -->
    </groups>
    <test started-at="2025-04-11T19:26:17 IST" name="Test" finished-at="2025-04-11T19:28:12 IST" duration-ms="114619">
      <class name="TESTNG.AddingOrganizationToContactsTest">
        <test-method is-config="true" signature="beforeSuite()[pri:0, instance:TESTNG.AddingOrganizationToContactsTest@22ef9844]" started-at="2025-04-11T19:26:17 IST" name="beforeSuite" finished-at="2025-04-11T19:26:17 IST" duration-ms="12" status="PASS">
          <reporter-output>
          </reporter-output>
        </test-method> <!-- beforeSuite -->
        <test-method is-config="true" signature="beforeTest()[pri:0, instance:TESTNG.AddingOrganizationToContactsTest@22ef9844]" started-at="2025-04-11T19:26:18 IST" name="beforeTest" finished-at="2025-04-11T19:26:18 IST" duration-ms="1" status="PASS">
          <reporter-output>
          </reporter-output>
        </test-method> <!-- beforeTest -->
        <test-method is-config="true" signature="beforeClass()[pri:0, instance:TESTNG.AddingOrganizationToContactsTest@22ef9844]" started-at="2025-04-11T19:26:18 IST" name="beforeClass" finished-at="2025-04-11T19:26:20 IST" duration-ms="2617" status="PASS">
          <reporter-output>
          </reporter-output>
        </test-method> <!-- beforeClass -->
        <test-method is-config="true" signature="beforeMethod()[pri:0, instance:TESTNG.AddingOrganizationToContactsTest@22ef9844]" started-at="2025-04-11T19:26:20 IST" name="beforeMethod" finished-at="2025-04-11T19:26:22 IST" duration-ms="1467" status="PASS">
          <reporter-output>
          </reporter-output>
        </test-method> <!-- beforeMethod -->
        <test-method retried="true" signature="addingOrganizationToContactsTest()[pri:0, instance:TESTNG.AddingOrganizationToContactsTest@22ef9844]" started-at="2025-04-11T19:26:22 IST" name="addingOrganizationToContactsTest" finished-at="2025-04-11T19:26:43 IST" duration-ms="21134" status="SKIP">
          <exception class="java.lang.AssertionError">
            <message>
              <![CDATA[The following asserts failed:
Asssertion failed ....Orgnization name actual and expected values are different expected [wipro] but found [ wipro]]]>
            </message>
            <full-stacktrace>
              <![CDATA[java.lang.AssertionError: The following asserts failed:
Asssertion failed ....Orgnization name actual and expected values are different expected [wipro] but found [ wipro]
at org.testng.asserts.SoftAssert.assertAll(SoftAssert.java:47)
at org.testng.asserts.SoftAssert.assertAll(SoftAssert.java:31)
at Object_Repository.CreateContactValidationPOM.hardSoftAssertvalidateContactLastNameWithOrgName(CreateContactValidationPOM.java:109)
at TESTNG.AddingOrganizationToContactsTest.addingOrganizationToContactsTest(AddingOrganizationToContactsTest.java:61)
at java.base/jdk.internal.reflect.NativeMethodAccessorImpl.invoke0(Native Method)
at java.base/jdk.internal.reflect.NativeMethodAccessorImpl.invoke(NativeMethodAccessorImpl.java:77)
at java.base/jdk.internal.reflect.DelegatingMethodAccessorImpl.invoke(DelegatingMethodAccessorImpl.java:43)
at java.base/java.lang.reflect.Method.invoke(Method.java:568)
at org.testng.internal.MethodInvocationHelper.invokeMethod(MethodInvocationHelper.java:132)
at org.testng.internal.TestInvoker.invokeMethod(TestInvoker.java:599)
at org.testng.internal.TestInvoker.invokeTestMethod(TestInvoker.java:174)
at org.testng.internal.MethodRunner.runInSequence(MethodRunner.java:46)
at org.testng.internal.TestInvoker$MethodInvocationAgent.invoke(TestInvoker.java:822)
at org.testng.internal.TestInvoker.invokeTestMethods(TestInvoker.java:147)
at org.testng.internal.TestMethodWorker.invokeTestMethods(TestMethodWorker.java:146)
at org.testng.internal.TestMethodWorker.run(TestMethodWorker.java:128)
at java.base/java.util.ArrayList.forEach(ArrayList.java:1511)
at org.testng.TestRunner.privateRun(TestRunner.java:764)
at org.testng.TestRunner.run(TestRunner.java:585)
at org.testng.SuiteRunner.runTest(SuiteRunner.java:384)
at org.testng.SuiteRunner.runSequentially(SuiteRunner.java:378)
at org.testng.SuiteRunner.privateRun(SuiteRunner.java:337)
at org.testng.SuiteRunner.run(SuiteRunner.java:286)
at org.testng.SuiteRunnerWorker.runSuite(SuiteRunnerWorker.java:53)
at org.testng.SuiteRunnerWorker.run(SuiteRunnerWorker.java:96)
at org.testng.TestNG.runSuitesSequentially(TestNG.java:1218)
at org.testng.TestNG.runSuitesLocally(TestNG.java:1140)
at org.testng.TestNG.runSuites(TestNG.java:1069)
at org.testng.TestNG.run(TestNG.java:1037)
at org.testng.remote.AbstractRemoteTestNG.run(AbstractRemoteTestNG.java:115)
at org.testng.remote.RemoteTestNG.initAndRun(RemoteTestNG.java:251)
at org.testng.remote.RemoteTestNG.main(RemoteTestNG.java:77)
]]>
            </full-stacktrace>
          </exception> <!-- java.lang.AssertionError -->
          <reporter-output>
          </reporter-output>
        </test-method> <!-- addingOrganizationToContactsTest -->
        <test-method is-config="true" signature="afterMethod()[pri:0, instance:TESTNG.AddingOrganizationToContactsTest@22ef9844]" started-at="2025-04-11T19:26:43 IST" name="afterMethod" finished-at="2025-04-11T19:26:44 IST" duration-ms="1471" status="PASS">
          <reporter-output>
          </reporter-output>
        </test-method> <!-- afterMethod -->
        <test-method is-config="true" signature="beforeMethod()[pri:0, instance:TESTNG.AddingOrganizationToContactsTest@22ef9844]" started-at="2025-04-11T19:26:44 IST" name="beforeMethod" finished-at="2025-04-11T19:26:48 IST" duration-ms="3594" status="PASS">
          <reporter-output>
          </reporter-output>
        </test-method> <!-- beforeMethod -->
        <test-method retried="true" signature="addingOrganizationToContactsTest()[pri:0, instance:TESTNG.AddingOrganizationToContactsTest@22ef9844]" started-at="2025-04-11T19:26:48 IST" name="addingOrganizationToContactsTest" finished-at="2025-04-11T19:27:04 IST" duration-ms="16191" status="SKIP">
          <exception class="java.lang.AssertionError">
            <message>
              <![CDATA[The following asserts failed:
Asssertion failed ....Orgnization name actual and expected values are different expected [wipro] but found [ wipro]]]>
            </message>
            <full-stacktrace>
              <![CDATA[java.lang.AssertionError: The following asserts failed:
Asssertion failed ....Orgnization name actual and expected values are different expected [wipro] but found [ wipro]
at org.testng.asserts.SoftAssert.assertAll(SoftAssert.java:47)
at org.testng.asserts.SoftAssert.assertAll(SoftAssert.java:31)
at Object_Repository.CreateContactValidationPOM.hardSoftAssertvalidateContactLastNameWithOrgName(CreateContactValidationPOM.java:109)
at TESTNG.AddingOrganizationToContactsTest.addingOrganizationToContactsTest(AddingOrganizationToContactsTest.java:61)
at java.base/jdk.internal.reflect.NativeMethodAccessorImpl.invoke0(Native Method)
at java.base/jdk.internal.reflect.NativeMethodAccessorImpl.invoke(NativeMethodAccessorImpl.java:77)
at java.base/jdk.internal.reflect.DelegatingMethodAccessorImpl.invoke(DelegatingMethodAccessorImpl.java:43)
at java.base/java.lang.reflect.Method.invoke(Method.java:568)
at org.testng.internal.MethodInvocationHelper.invokeMethod(MethodInvocationHelper.java:132)
at org.testng.internal.TestInvoker.invokeMethod(TestInvoker.java:599)
at org.testng.internal.TestInvoker.retryFailed(TestInvoker.java:214)
at org.testng.internal.MethodRunner.runInSequence(MethodRunner.java:58)
at org.testng.internal.TestInvoker$MethodInvocationAgent.invoke(TestInvoker.java:822)
at org.testng.internal.TestInvoker.invokeTestMethods(TestInvoker.java:147)
at org.testng.internal.TestMethodWorker.invokeTestMethods(TestMethodWorker.java:146)
at org.testng.internal.TestMethodWorker.run(TestMethodWorker.java:128)
at java.base/java.util.ArrayList.forEach(ArrayList.java:1511)
at org.testng.TestRunner.privateRun(TestRunner.java:764)
at org.testng.TestRunner.run(TestRunner.java:585)
at org.testng.SuiteRunner.runTest(SuiteRunner.java:384)
at org.testng.SuiteRunner.runSequentially(SuiteRunner.java:378)
at org.testng.SuiteRunner.privateRun(SuiteRunner.java:337)
at org.testng.SuiteRunner.run(SuiteRunner.java:286)
at org.testng.SuiteRunnerWorker.runSuite(SuiteRunnerWorker.java:53)
at org.testng.SuiteRunnerWorker.run(SuiteRunnerWorker.java:96)
at org.testng.TestNG.runSuitesSequentially(TestNG.java:1218)
at org.testng.TestNG.runSuitesLocally(TestNG.java:1140)
at org.testng.TestNG.runSuites(TestNG.java:1069)
at org.testng.TestNG.run(TestNG.java:1037)
at org.testng.remote.AbstractRemoteTestNG.run(AbstractRemoteTestNG.java:115)
at org.testng.remote.RemoteTestNG.initAndRun(RemoteTestNG.java:251)
at org.testng.remote.RemoteTestNG.main(RemoteTestNG.java:77)
]]>
            </full-stacktrace>
          </exception> <!-- java.lang.AssertionError -->
          <reporter-output>
          </reporter-output>
        </test-method> <!-- addingOrganizationToContactsTest -->
        <test-method is-config="true" signature="afterMethod()[pri:0, instance:TESTNG.AddingOrganizationToContactsTest@22ef9844]" started-at="2025-04-11T19:27:04 IST" name="afterMethod" finished-at="2025-04-11T19:27:06 IST" duration-ms="1300" status="PASS">
          <reporter-output>
          </reporter-output>
        </test-method> <!-- afterMethod -->
        <test-method is-config="true" signature="beforeMethod()[pri:0, instance:TESTNG.AddingOrganizationToContactsTest@22ef9844]" started-at="2025-04-11T19:27:06 IST" name="beforeMethod" finished-at="2025-04-11T19:27:09 IST" duration-ms="2972" status="PASS">
          <reporter-output>
          </reporter-output>
        </test-method> <!-- beforeMethod -->
        <test-method retried="true" signature="addingOrganizationToContactsTest()[pri:0, instance:TESTNG.AddingOrganizationToContactsTest@22ef9844]" started-at="2025-04-11T19:27:09 IST" name="addingOrganizationToContactsTest" finished-at="2025-04-11T19:27:22 IST" duration-ms="13136" status="SKIP">
          <exception class="java.lang.AssertionError">
            <message>
              <![CDATA[The following asserts failed:
Asssertion failed ....Orgnization name actual and expected values are different expected [wipro] but found [ wipro]]]>
            </message>
            <full-stacktrace>
              <![CDATA[java.lang.AssertionError: The following asserts failed:
Asssertion failed ....Orgnization name actual and expected values are different expected [wipro] but found [ wipro]
at org.testng.asserts.SoftAssert.assertAll(SoftAssert.java:47)
at org.testng.asserts.SoftAssert.assertAll(SoftAssert.java:31)
at Object_Repository.CreateContactValidationPOM.hardSoftAssertvalidateContactLastNameWithOrgName(CreateContactValidationPOM.java:109)
at TESTNG.AddingOrganizationToContactsTest.addingOrganizationToContactsTest(AddingOrganizationToContactsTest.java:61)
at java.base/jdk.internal.reflect.NativeMethodAccessorImpl.invoke0(Native Method)
at java.base/jdk.internal.reflect.NativeMethodAccessorImpl.invoke(NativeMethodAccessorImpl.java:77)
at java.base/jdk.internal.reflect.DelegatingMethodAccessorImpl.invoke(DelegatingMethodAccessorImpl.java:43)
at java.base/java.lang.reflect.Method.invoke(Method.java:568)
at org.testng.internal.MethodInvocationHelper.invokeMethod(MethodInvocationHelper.java:132)
at org.testng.internal.TestInvoker.invokeMethod(TestInvoker.java:599)
at org.testng.internal.TestInvoker.retryFailed(TestInvoker.java:214)
at org.testng.internal.MethodRunner.runInSequence(MethodRunner.java:58)
at org.testng.internal.TestInvoker$MethodInvocationAgent.invoke(TestInvoker.java:822)
at org.testng.internal.TestInvoker.invokeTestMethods(TestInvoker.java:147)
at org.testng.internal.TestMethodWorker.invokeTestMethods(TestMethodWorker.java:146)
at org.testng.internal.TestMethodWorker.run(TestMethodWorker.java:128)
at java.base/java.util.ArrayList.forEach(ArrayList.java:1511)
at org.testng.TestRunner.privateRun(TestRunner.java:764)
at org.testng.TestRunner.run(TestRunner.java:585)
at org.testng.SuiteRunner.runTest(SuiteRunner.java:384)
at org.testng.SuiteRunner.runSequentially(SuiteRunner.java:378)
at org.testng.SuiteRunner.privateRun(SuiteRunner.java:337)
at org.testng.SuiteRunner.run(SuiteRunner.java:286)
at org.testng.SuiteRunnerWorker.runSuite(SuiteRunnerWorker.java:53)
at org.testng.SuiteRunnerWorker.run(SuiteRunnerWorker.java:96)
at org.testng.TestNG.runSuitesSequentially(TestNG.java:1218)
at org.testng.TestNG.runSuitesLocally(TestNG.java:1140)
at org.testng.TestNG.runSuites(TestNG.java:1069)
at org.testng.TestNG.run(TestNG.java:1037)
at org.testng.remote.AbstractRemoteTestNG.run(AbstractRemoteTestNG.java:115)
at org.testng.remote.RemoteTestNG.initAndRun(RemoteTestNG.java:251)
at org.testng.remote.RemoteTestNG.main(RemoteTestNG.java:77)
]]>
            </full-stacktrace>
          </exception> <!-- java.lang.AssertionError -->
          <reporter-output>
          </reporter-output>
        </test-method> <!-- addingOrganizationToContactsTest -->
        <test-method is-config="true" signature="afterMethod()[pri:0, instance:TESTNG.AddingOrganizationToContactsTest@22ef9844]" started-at="2025-04-11T19:27:22 IST" name="afterMethod" finished-at="2025-04-11T19:27:23 IST" duration-ms="1676" status="PASS">
          <reporter-output>
          </reporter-output>
        </test-method> <!-- afterMethod -->
        <test-method is-config="true" signature="beforeMethod()[pri:0, instance:TESTNG.AddingOrganizationToContactsTest@22ef9844]" started-at="2025-04-11T19:27:23 IST" name="beforeMethod" finished-at="2025-04-11T19:27:24 IST" duration-ms="843" status="PASS">
          <reporter-output>
          </reporter-output>
        </test-method> <!-- beforeMethod -->
        <test-method signature="addingOrganizationToContactsTest()[pri:0, instance:TESTNG.AddingOrganizationToContactsTest@22ef9844]" started-at="2025-04-11T19:27:24 IST" name="addingOrganizationToContactsTest" finished-at="2025-04-11T19:27:45 IST" duration-ms="20414" status="FAIL">
          <exception class="java.lang.AssertionError">
            <message>
              <![CDATA[The following asserts failed:
Asssertion failed ....Orgnization name actual and expected values are different expected [wipro] but found [ wipro]]]>
            </message>
            <full-stacktrace>
              <![CDATA[java.lang.AssertionError: The following asserts failed:
Asssertion failed ....Orgnization name actual and expected values are different expected [wipro] but found [ wipro]
at org.testng.asserts.SoftAssert.assertAll(SoftAssert.java:47)
at org.testng.asserts.SoftAssert.assertAll(SoftAssert.java:31)
at Object_Repository.CreateContactValidationPOM.hardSoftAssertvalidateContactLastNameWithOrgName(CreateContactValidationPOM.java:109)
at TESTNG.AddingOrganizationToContactsTest.addingOrganizationToContactsTest(AddingOrganizationToContactsTest.java:61)
at java.base/jdk.internal.reflect.NativeMethodAccessorImpl.invoke0(Native Method)
at java.base/jdk.internal.reflect.NativeMethodAccessorImpl.invoke(NativeMethodAccessorImpl.java:77)
at java.base/jdk.internal.reflect.DelegatingMethodAccessorImpl.invoke(DelegatingMethodAccessorImpl.java:43)
at java.base/java.lang.reflect.Method.invoke(Method.java:568)
at org.testng.internal.MethodInvocationHelper.invokeMethod(MethodInvocationHelper.java:132)
at org.testng.internal.TestInvoker.invokeMethod(TestInvoker.java:599)
at org.testng.internal.TestInvoker.retryFailed(TestInvoker.java:214)
at org.testng.internal.MethodRunner.runInSequence(MethodRunner.java:58)
at org.testng.internal.TestInvoker$MethodInvocationAgent.invoke(TestInvoker.java:822)
at org.testng.internal.TestInvoker.invokeTestMethods(TestInvoker.java:147)
at org.testng.internal.TestMethodWorker.invokeTestMethods(TestMethodWorker.java:146)
at org.testng.internal.TestMethodWorker.run(TestMethodWorker.java:128)
at java.base/java.util.ArrayList.forEach(ArrayList.java:1511)
at org.testng.TestRunner.privateRun(TestRunner.java:764)
at org.testng.TestRunner.run(TestRunner.java:585)
at org.testng.SuiteRunner.runTest(SuiteRunner.java:384)
at org.testng.SuiteRunner.runSequentially(SuiteRunner.java:378)
at org.testng.SuiteRunner.privateRun(SuiteRunner.java:337)
at org.testng.SuiteRunner.run(SuiteRunner.java:286)
at org.testng.SuiteRunnerWorker.runSuite(SuiteRunnerWorker.java:53)
at org.testng.SuiteRunnerWorker.run(SuiteRunnerWorker.java:96)
at org.testng.TestNG.runSuitesSequentially(TestNG.java:1218)
at org.testng.TestNG.runSuitesLocally(TestNG.java:1140)
at org.testng.TestNG.runSuites(TestNG.java:1069)
at org.testng.TestNG.run(TestNG.java:1037)
at org.testng.remote.AbstractRemoteTestNG.run(AbstractRemoteTestNG.java:115)
at org.testng.remote.RemoteTestNG.initAndRun(RemoteTestNG.java:251)
at org.testng.remote.RemoteTestNG.main(RemoteTestNG.java:77)
]]>
            </full-stacktrace>
          </exception> <!-- java.lang.AssertionError -->
          <reporter-output>
          </reporter-output>
        </test-method> <!-- addingOrganizationToContactsTest -->
        <test-method is-config="true" signature="afterMethod()[pri:0, instance:TESTNG.AddingOrganizationToContactsTest@22ef9844]" started-at="2025-04-11T19:27:45 IST" name="afterMethod" finished-at="2025-04-11T19:27:47 IST" duration-ms="1948" status="PASS">
          <reporter-output>
          </reporter-output>
        </test-method> <!-- afterMethod -->
        <test-method is-config="true" signature="afterClass()[pri:0, instance:TESTNG.AddingOrganizationToContactsTest@22ef9844]" started-at="2025-04-11T19:27:47 IST" name="afterClass" finished-at="2025-04-11T19:27:47 IST" duration-ms="384" status="PASS">
          <reporter-output>
          </reporter-output>
        </test-method> <!-- afterClass -->
        <test-method is-config="true" signature="afterTest()[pri:0, instance:TESTNG.AddingOrganizationToContactsTest@22ef9844]" started-at="2025-04-11T19:28:12 IST" name="afterTest" finished-at="2025-04-11T19:28:12 IST" duration-ms="1" status="PASS">
          <reporter-output>
          </reporter-output>
        </test-method> <!-- afterTest -->
        <test-method is-config="true" signature="afterSuite()[pri:0, instance:TESTNG.AddingOrganizationToContactsTest@22ef9844]" started-at="2025-04-11T19:28:13 IST" name="afterSuite" finished-at="2025-04-11T19:28:13 IST" duration-ms="1" status="PASS">
          <reporter-output>
          </reporter-output>
        </test-method> <!-- afterSuite -->
      </class> <!-- TESTNG.AddingOrganizationToContactsTest -->
      <class name="TESTNG.CreateCampaignsTest">
        <test-method is-config="true" signature="beforeClass()[pri:0, instance:TESTNG.CreateCampaignsTest@6283d8b8]" started-at="2025-04-11T19:27:47 IST" name="beforeClass" finished-at="2025-04-11T19:27:49 IST" duration-ms="2180" status="PASS">
          <reporter-output>
          </reporter-output>
        </test-method> <!-- beforeClass -->
        <test-method is-config="true" signature="beforeMethod()[pri:0, instance:TESTNG.CreateCampaignsTest@6283d8b8]" started-at="2025-04-11T19:27:49 IST" name="beforeMethod" finished-at="2025-04-11T19:27:51 IST" duration-ms="1491" status="PASS">
          <reporter-output>
          </reporter-output>
        </test-method> <!-- beforeMethod -->
        <test-method signature="createCampaignsTest()[pri:0, instance:TESTNG.CreateCampaignsTest@6283d8b8]" started-at="2025-04-11T19:27:51 IST" name="createCampaignsTest" finished-at="2025-04-11T19:28:10 IST" duration-ms="18899" status="PASS">
          <reporter-output>
          </reporter-output>
        </test-method> <!-- createCampaignsTest -->
        <test-method is-config="true" signature="afterMethod()[pri:0, instance:TESTNG.CreateCampaignsTest@6283d8b8]" started-at="2025-04-11T19:28:10 IST" name="afterMethod" finished-at="2025-04-11T19:28:11 IST" duration-ms="1654" status="PASS">
          <reporter-output>
          </reporter-output>
        </test-method> <!-- afterMethod -->
        <test-method is-config="true" signature="afterClass()[pri:0, instance:TESTNG.CreateCampaignsTest@6283d8b8]" started-at="2025-04-11T19:28:11 IST" name="afterClass" finished-at="2025-04-11T19:28:12 IST" duration-ms="257" status="PASS">
          <reporter-output>
          </reporter-output>
        </test-method> <!-- afterClass -->
      </class> <!-- TESTNG.CreateCampaignsTest -->
    </test> <!-- Test -->
  </suite> <!-- Suite -->
</testng-results>
